<?xml version="1.0" encoding="UTF-8"?>
<testsuite xmlns:xsi="http://www.w3.org/2001/XMLSchema-instance" xsi:noNamespaceSchemaLocation="https://maven.apache.org/surefire/maven-surefire-plugin/xsd/surefire-test-report.xsd" name="br.com.looplex.dao.user.TestUserDaoImpl" time="2.535" tests="20" errors="0" skipped="0" failures="0">
  <properties>
[...]
</properties>
  <testcase name="testSetPayloadWithValidObject" classname="br.com.looplex.dao.user.TestUserDaoImpl" time="0.353"/>
  <testcase name="testUpdateWithNullUser" classname="br.com.looplex.dao.user.TestUserDaoImpl" time="0.001"/>
  <testcase name="testGetUserWithNullString" classname="br.com.looplex.dao.user.TestUserDaoImpl" time="0.002"/>
  <testcase name="testFindAll" classname="br.com.looplex.dao.user.TestUserDaoImpl" time="0.798"/>
  <testcase name="testCreateWithExistingUser" classname="br.com.looplex.dao.user.TestUserDaoImpl" time="0.367"/>
  <testcase name="testGetUserWithInvalidString" classname="br.com.looplex.dao.user.TestUserDaoImpl" time="0.015"/>
  <testcase name="testFindByIdWithExistingId" classname="br.com.looplex.dao.user.TestUserDaoImpl" time="0.231"/>
  <testcase name="testDeleteWithNonExistingUser" classname="br.com.looplex.dao.user.TestUserDaoImpl" time="0.031"/>
  <testcase name="testSetPayloadWithEmptyObject" classname="br.com.looplex.dao.user.TestUserDaoImpl" time="0.003"/>
  <testcase name="testUpdateWithNonExistingUser" classname="br.com.looplex.dao.user.TestUserDaoImpl" time="0.227"/>
  <testcase name="testCreateWithNullUser" classname="br.com.looplex.dao.user.TestUserDaoImpl" time="0.003"/>
  <testcase name="testDeleteWithExistingUser" classname="br.com.looplex.dao.user.TestUserDaoImpl" time="0.119"/>
  <testcase name="testSetPayloadWithNullObject" classname="br.com.looplex.dao.user.TestUserDaoImpl" time="0.001"/>
  <testcase name="testUpdateWithExistingUser" classname="br.com.looplex.dao.user.TestUserDaoImpl" time="0.214"/>
  <testcase name="testCreateWithNewUser" classname="br.com.looplex.dao.user.TestUserDaoImpl" time="0.103"/>
  <testcase name="testGetHeaders" classname="br.com.looplex.dao.user.TestUserDaoImpl" time="0.002"/>
  <testcase name="testGetUserWithValidString" classname="br.com.looplex.dao.user.TestUserDaoImpl" time="0.003"/>
  <testcase name="testFindByIdWithNullId" classname="br.com.looplex.dao.user.TestUserDaoImpl" time="0.004"/>
  <testcase name="testFindByIdWithNonExistingId" classname="br.com.looplex.dao.user.TestUserDaoImpl" time="0.003"/>
  <testcase name="testDeleteWithNullUser" classname="br.com.looplex.dao.user.TestUserDaoImpl" time="0.002"/>
</testsuite>